# JRE version: OpenJDK Runtime Environment (14.0.2+12) (build 14.0.2+12)
# Java VM: OpenJDK 64-Bit Server VM (14.0.2+12, mixed mode, tiered, compressed oops, g1 gc, linux-amd64)
Heap:
 garbage-first heap   total 222208K, used 87805K [0x0000000689600000, 0x0000000800000000)
  region size 1024K, 24 young (24576K), 17 survivors (17408K)
 Metaspace       used 36517K, capacity 37175K, committed 37680K, reserved 1083392K
  class space    used 3818K, capacity 4112K, committed 4224K, reserved 1048576K
GC Heap History (20 events):
Event: 0,610 GC heap before
{Heap before GC invocations=0 (full 0):
 garbage-first heap   total 385024K, used 23552K [0x0000000689600000, 0x0000000800000000)
  region size 1024K, 23 young (23552K), 0 survivors (0K)
 Metaspace       used 13299K, capacity 13568K, committed 13824K, reserved 1060864K
  class space    used 1341K, capacity 1459K, committed 1536K, reserved 1048576K
}
Event: 0,615 GC heap after
{Heap after GC invocations=1 (full 0):
 garbage-first heap   total 385024K, used 3520K [0x0000000689600000, 0x0000000800000000)
  region size 1024K, 3 young (3072K), 3 survivors (3072K)
 Metaspace       used 13299K, capacity 13568K, committed 13824K, reserved 1060864K
  class space    used 1341K, capacity 1459K, committed 1536K, reserved 1048576K
}
Event: 1,001 GC heap before
{Heap before GC invocations=1 (full 0):
 garbage-first heap   total 385024K, used 35264K [0x0000000689600000, 0x0000000800000000)
  region size 1024K, 34 young (34816K), 3 survivors (3072K)
 Metaspace       used 17256K, capacity 17655K, committed 17920K, reserved 1064960K
  class space    used 1842K, capacity 1985K, committed 2048K, reserved 1048576K
}
Event: 1,005 GC heap after
{Heap after GC invocations=2 (full 0):
 garbage-first heap   total 385024K, used 5019K [0x0000000689600000, 0x0000000800000000)
  region size 1024K, 2 young (2048K), 2 survivors (2048K)
 Metaspace       used 17256K, capacity 17655K, committed 17920K, reserved 1064960K
  class space    used 1842K, capacity 1985K, committed 2048K, reserved 1048576K
}
Event: 1,409 GC heap before
{Heap before GC invocations=2 (full 0):
 garbage-first heap   total 385024K, used 27547K [0x0000000689600000, 0x0000000800000000)
  region size 1024K, 25 young (25600K), 2 survivors (2048K)
 Metaspace       used 20585K, capacity 20957K, committed 21296K, reserved 1069056K
  class space    used 2208K, capacity 2349K, committed 2432K, reserved 1048576K
}
Event: 1,413 GC heap after
{Heap after GC invocations=3 (full 0):
 garbage-first heap   total 385024K, used 8029K [0x0000000689600000, 0x0000000800000000)
  region size 1024K, 5 young (5120K), 5 survivors (5120K)
 Metaspace       used 20585K, capacity 20957K, committed 21296K, reserved 1069056K
  class space    used 2208K, capacity 2349K, committed 2432K, reserved 1048576K
}
Event: 1,619 GC heap before
{Heap before GC invocations=4 (full 0):
 garbage-first heap   total 34816K, used 23389K [0x0000000689600000, 0x0000000800000000)
  region size 1024K, 20 young (20480K), 5 survivors (5120K)
 Metaspace       used 21030K, capacity 21450K, committed 21808K, reserved 1069056K
  class space    used 2237K, capacity 2385K, committed 2432K, reserved 1048576K
}
Event: 1,628 GC heap after
{Heap after GC invocations=5 (full 0):
 garbage-first heap   total 34816K, used 10344K [0x0000000689600000, 0x0000000800000000)
  region size 1024K, 3 young (3072K), 3 survivors (3072K)
 Metaspace       used 21030K, capacity 21450K, committed 21808K, reserved 1069056K
  class space    used 2237K, capacity 2385K, committed 2432K, reserved 1048576K
}
Event: 1,743 GC heap before
{Heap before GC invocations=5 (full 0):
 garbage-first heap   total 34816K, used 23656K [0x0000000689600000, 0x0000000800000000)
  region size 1024K, 16 young (16384K), 3 survivors (3072K)
 Metaspace       used 21231K, capacity 21578K, committed 22064K, reserved 1069056K
  class space    used 2246K, capacity 2385K, committed 2432K, reserved 1048576K
}
Event: 1,750 GC heap after
{Heap after GC invocations=6 (full 0):
 garbage-first heap   total 209920K, used 12458K [0x0000000689600000, 0x0000000800000000)
  region size 1024K, 2 young (2048K), 2 survivors (2048K)
 Metaspace       used 21231K, capacity 21578K, committed 22064K, reserved 1069056K
  class space    used 2246K, capacity 2385K, committed 2432K, reserved 1048576K
}
Event: 2,588 GC heap before
{Heap before GC invocations=6 (full 0):
 garbage-first heap   total 209920K, used 136362K [0x0000000689600000, 0x0000000800000000)
  region size 1024K, 123 young (125952K), 2 survivors (2048K)
 Metaspace       used 23564K, capacity 24012K, committed 24368K, reserved 1071104K
  class space    used 2446K, capacity 2640K, committed 2688K, reserved 1048576K
}
Event: 2,605 GC heap after
{Heap after GC invocations=7 (full 0):
 garbage-first heap   total 209920K, used 26719K [0x0000000689600000, 0x0000000800000000)
  region size 1024K, 16 young (16384K), 16 survivors (16384K)
 Metaspace       used 23564K, capacity 24012K, committed 24368K, reserved 1071104K
  class space    used 2446K, capacity 2640K, committed 2688K, reserved 1048576K
}
Event: 6,293 GC heap before
{Heap before GC invocations=7 (full 0):
 garbage-first heap   total 209920K, used 134239K [0x0000000689600000, 0x0000000800000000)
  region size 1024K, 122 young (124928K), 16 survivors (16384K)
 Metaspace       used 31112K, capacity 31574K, committed 32048K, reserved 1077248K
  class space    used 3258K, capacity 3441K, committed 3456K, reserved 1048576K
}
Event: 6,341 GC heap after
{Heap after GC invocations=8 (full 0):
 garbage-first heap   total 209920K, used 39602K [0x0000000689600000, 0x0000000800000000)
  region size 1024K, 13 young (13312K), 13 survivors (13312K)
 Metaspace       used 31112K, capacity 31574K, committed 32048K, reserved 1077248K
  class space    used 3258K, capacity 3441K, committed 3456K, reserved 1048576K
}
Event: 7,251 GC heap before
{Heap before GC invocations=8 (full 0):
 garbage-first heap   total 209920K, used 145074K [0x0000000689600000, 0x0000000800000000)
  region size 1024K, 113 young (115712K), 13 survivors (13312K)
 Metaspace       used 34112K, capacity 34663K, committed 35248K, reserved 1081344K
  class space    used 3542K, capacity 3767K, committed 3840K, reserved 1048576K
}
Event: 7,269 GC heap after
{Heap after GC invocations=9 (full 0):
 garbage-first heap   total 209920K, used 61266K [0x0000000689600000, 0x0000000800000000)
  region size 1024K, 15 young (15360K), 15 survivors (15360K)
 Metaspace       used 34112K, capacity 34663K, committed 35248K, reserved 1081344K
  class space    used 3542K, capacity 3767K, committed 3840K, reserved 1048576K
}
Event: 7,677 GC heap before
{Heap before GC invocations=9 (full 0):
 garbage-first heap   total 209920K, used 130898K [0x0000000689600000, 0x0000000800000000)
  region size 1024K, 84 young (86016K), 15 survivors (15360K)
 Metaspace       used 34880K, capacity 35431K, committed 35888K, reserved 1081344K
  class space    used 3655K, capacity 3895K, committed 3968K, reserved 1048576K
}
Event: 7,695 GC heap after
{Heap after GC invocations=10 (full 0):
 garbage-first heap   total 285696K, used 60754K [0x0000000689600000, 0x0000000800000000)
  region size 1024K, 5 young (5120K), 5 survivors (5120K)
 Metaspace       used 34880K, capacity 35431K, committed 35888K, reserved 1081344K
  class space    used 3655K, capacity 3895K, committed 3968K, reserved 1048576K
}
Event: 9,354 GC heap before
{Heap before GC invocations=11 (full 0):
 garbage-first heap   total 222208K, used 191826K [0x0000000689600000, 0x0000000800000000)
  region size 1024K, 130 young (133120K), 5 survivors (5120K)
 Metaspace       used 36225K, capacity 36947K, committed 37552K, reserved 1083392K
  class space    used 3788K, capacity 4076K, committed 4096K, reserved 1048576K
}
Event: 9,372 GC heap after
{Heap after GC invocations=12 (full 0):
 garbage-first heap   total 222208K, used 81661K [0x0000000689600000, 0x0000000800000000)
  region size 1024K, 17 young (17408K), 17 survivors (17408K)
 Metaspace       used 36225K, capacity 36947K, committed 37552K, reserved 1083392K
  class space    used 3788K, capacity 4076K, committed 4096K, reserved 1048576K
}

